DEBUG http-nio-8999-exec-1 druid.sql.Statement - {conn-10005, pstmt-20001} Parameters : [0, 10]
DEBUG http-nio-8999-exec-1 druid.sql.Statement - {conn-10005, pstmt-20001} Types : [INTEGER, INTEGER]
DEBUG http-nio-8999-exec-1 druid.sql.Statement - {conn-10005, pstmt-20001} executed. 8.521654 millis. select a.id,c.name as type,a.content,a.title,a.small_img,a.detail,a.common_price,a.vip_price,DATE_FORMAT(a.create_time,'%Y-%m-%d %T') as create_time, b.name as teacher_name,b.description,b.avatar,d.play_count from subject a left join teacher b on a.teacher_id = b.id left join subject_type c on a.subject_type_id = c.id left join subject_detail d on a.id = d.subject_id where a.is_delete = 0 and b.is_delete = 0 and c.is_delete = 0 and d.is_delete = 0      and a.common_price != 0 limit ?,?
DEBUG http-nio-8999-exec-1 druid.sql.ResultSet - {conn-10005, pstmt-20001, rs-50001} open
DEBUG http-nio-8999-exec-1 druid.sql.ResultSet - {conn-10005, pstmt-20001, rs-50001} Header: [id, name, content, title, small_img, detail, common_price, vip_price, create_time, name, description, avatar, play_count]
DEBUG http-nio-8999-exec-1 druid.sql.ResultSet - {conn-10005, pstmt-20001, rs-50001} Result: [1, 股票, 详情, 测试的第一个, null, 第一个课程, 100.00, 80.00, 2019-01-31 10:08:38, 张健, 鉴黄大师, null, 8]
DEBUG http-nio-8999-exec-1 druid.sql.ResultSet - {conn-10005, pstmt-20001, rs-50001} closed
DEBUG http-nio-8999-exec-1 druid.sql.Statement - {conn-10005, pstmt-20001} closed
DEBUG http-nio-8999-exec-1 druid.sql.Connection - {conn-10005} pool-recycle
DEBUG http-nio-8999-exec-3 druid.sql.Connection - {conn-10005} pool-connect
DEBUG http-nio-8999-exec-3 druid.sql.Statement - {conn-10005, pstmt-20002} created. SELECT count(0) FROM (SELECT a.id, c.name AS type, a.content, a.title, a.small_img, a.detail, a.common_price, a.vip_price, DATE_FORMAT(a.create_time, '%Y-%m-%d %T') AS create_time, b.name AS teacher_name, b.description, b.avatar, d.play_count FROM subject a LEFT JOIN teacher b ON a.teacher_id = b.id LEFT JOIN subject_type c ON a.subject_type_id = c.id LEFT JOIN subject_detail d ON a.id = d.subject_id WHERE a.is_delete = 0 AND b.is_delete = 0 AND c.is_delete = 0 AND d.is_delete = 0 AND a.common_price != 0) table_count
DEBUG http-nio-8999-exec-3 druid.sql.Statement - {conn-10005, pstmt-20002} Parameters : []
DEBUG http-nio-8999-exec-3 druid.sql.Statement - {conn-10005, pstmt-20002} Types : []
DEBUG http-nio-8999-exec-3 druid.sql.Statement - {conn-10005, pstmt-20002} executed. 8.745694 millis. SELECT count(0) FROM (SELECT a.id, c.name AS type, a.content, a.title, a.small_img, a.detail, a.common_price, a.vip_price, DATE_FORMAT(a.create_time, '%Y-%m-%d %T') AS create_time, b.name AS teacher_name, b.description, b.avatar, d.play_count FROM subject a LEFT JOIN teacher b ON a.teacher_id = b.id LEFT JOIN subject_type c ON a.subject_type_id = c.id LEFT JOIN subject_detail d ON a.id = d.subject_id WHERE a.is_delete = 0 AND b.is_delete = 0 AND c.is_delete = 0 AND d.is_delete = 0 AND a.common_price != 0) table_count
DEBUG http-nio-8999-exec-3 druid.sql.ResultSet - {conn-10005, pstmt-20002, rs-50002} open
DEBUG http-nio-8999-exec-3 druid.sql.ResultSet - {conn-10005, pstmt-20002, rs-50002} Header: [count(0)]
DEBUG http-nio-8999-exec-3 druid.sql.ResultSet - {conn-10005, pstmt-20002, rs-50002} Result: [1]
DEBUG http-nio-8999-exec-3 druid.sql.ResultSet - {conn-10005, pstmt-20002, rs-50002} closed
DEBUG http-nio-8999-exec-3 druid.sql.Statement - {conn-10005, pstmt-20002} closed
DEBUG http-nio-8999-exec-3 druid.sql.Statement - {conn-10005, pstmt-20003} created. select a.id,c.name as type,a.content,a.title,a.small_img,a.detail,a.common_price,a.vip_price,DATE_FORMAT(a.create_time,'%Y-%m-%d %T') as create_time, b.name as teacher_name,b.description,b.avatar,d.play_count from subject a left join teacher b on a.teacher_id = b.id left join subject_type c on a.subject_type_id = c.id left join subject_detail d on a.id = d.subject_id where a.is_delete = 0 and b.is_delete = 0 and c.is_delete = 0 and d.is_delete = 0      and a.common_price != 0 limit ?,?
DEBUG http-nio-8999-exec-3 druid.sql.Statement - {conn-10005, pstmt-20003} Parameters : [0, 10]
DEBUG http-nio-8999-exec-3 druid.sql.Statement - {conn-10005, pstmt-20003} Types : [INTEGER, INTEGER]
DEBUG http-nio-8999-exec-3 druid.sql.Statement - {conn-10005, pstmt-20003} executed. 9.269195 millis. select a.id,c.name as type,a.content,a.title,a.small_img,a.detail,a.common_price,a.vip_price,DATE_FORMAT(a.create_time,'%Y-%m-%d %T') as create_time, b.name as teacher_name,b.description,b.avatar,d.play_count from subject a left join teacher b on a.teacher_id = b.id left join subject_type c on a.subject_type_id = c.id left join subject_detail d on a.id = d.subject_id where a.is_delete = 0 and b.is_delete = 0 and c.is_delete = 0 and d.is_delete = 0      and a.common_price != 0 limit ?,?
DEBUG http-nio-8999-exec-3 druid.sql.ResultSet - {conn-10005, pstmt-20003, rs-50003} open
DEBUG http-nio-8999-exec-3 druid.sql.ResultSet - {conn-10005, pstmt-20003, rs-50003} Header: [id, name, content, title, small_img, detail, common_price, vip_price, create_time, name, description, avatar, play_count]
DEBUG http-nio-8999-exec-3 druid.sql.ResultSet - {conn-10005, pstmt-20003, rs-50003} Result: [1, 股票, 详情, 测试的第一个, null, 第一个课程, 100.00, 80.00, 2019-01-31 10:08:38, 张健, 鉴黄大师, null, 8]
DEBUG http-nio-8999-exec-3 druid.sql.ResultSet - {conn-10005, pstmt-20003, rs-50003} closed
DEBUG http-nio-8999-exec-3 druid.sql.Statement - {conn-10005, pstmt-20003} closed
DEBUG http-nio-8999-exec-3 druid.sql.Connection - {conn-10005} pool-recycle
DEBUG Thread-17 druid.sql.Connection - {conn-10001} closed
DEBUG Thread-17 druid.sql.Connection - {conn-10002} closed
DEBUG Thread-17 druid.sql.Connection - {conn-10003} closed
DEBUG Thread-17 druid.sql.Connection - {conn-10004} closed
DEBUG Thread-17 druid.sql.Connection - {conn-10005} closed
DEBUG http-nio-8999-exec-2 druid.sql.Connection - {conn-10001} connected
DEBUG http-nio-8999-exec-2 druid.sql.Connection - {conn-10002} connected
DEBUG http-nio-8999-exec-2 druid.sql.Connection - {conn-10003} connected
DEBUG http-nio-8999-exec-2 druid.sql.Connection - {conn-10004} connected
DEBUG http-nio-8999-exec-2 druid.sql.Connection - {conn-10005} connected
DEBUG http-nio-8999-exec-2 druid.sql.Connection - {conn-10005} pool-connect
DEBUG http-nio-8999-exec-2 druid.sql.Statement - {conn-10005, pstmt-20000} created. SELECT count(0) FROM (SELECT a.id, c.name AS type, a.content, a.title, a.small_img, a.detail, a.common_price, a.vip_price, DATE_FORMAT(a.create_time, '%Y-%m-%d %T') AS create_time, b.name AS teacher_name, b.description, b.avatar, d.play_count FROM subject a LEFT JOIN teacher b ON a.teacher_id = b.id LEFT JOIN subject_type c ON a.subject_type_id = c.id LEFT JOIN subject_detail d ON a.id = d.subject_id WHERE a.is_delete = 0 AND b.is_delete = 0 AND c.is_delete = 0 AND d.is_delete = 0 AND a.common_price != 0) table_count
DEBUG http-nio-8999-exec-2 druid.sql.Statement - {conn-10005, pstmt-20000} Parameters : []
DEBUG http-nio-8999-exec-2 druid.sql.Statement - {conn-10005, pstmt-20000} Types : []
DEBUG http-nio-8999-exec-2 druid.sql.Statement - {conn-10005, pstmt-20000} executed. 33.066929 millis. SELECT count(0) FROM (SELECT a.id, c.name AS type, a.content, a.title, a.small_img, a.detail, a.common_price, a.vip_price, DATE_FORMAT(a.create_time, '%Y-%m-%d %T') AS create_time, b.name AS teacher_name, b.description, b.avatar, d.play_count FROM subject a LEFT JOIN teacher b ON a.teacher_id = b.id LEFT JOIN subject_type c ON a.subject_type_id = c.id LEFT JOIN subject_detail d ON a.id = d.subject_id WHERE a.is_delete = 0 AND b.is_delete = 0 AND c.is_delete = 0 AND d.is_delete = 0 AND a.common_price != 0) table_count
DEBUG http-nio-8999-exec-2 druid.sql.ResultSet - {conn-10005, pstmt-20000, rs-50000} open
DEBUG http-nio-8999-exec-2 druid.sql.ResultSet - {conn-10005, pstmt-20000, rs-50000} Header: [count(0)]
DEBUG http-nio-8999-exec-2 druid.sql.ResultSet - {conn-10005, pstmt-20000, rs-50000} Result: [1]
DEBUG http-nio-8999-exec-2 druid.sql.ResultSet - {conn-10005, pstmt-20000, rs-50000} closed
DEBUG http-nio-8999-exec-2 druid.sql.Statement - {conn-10005, pstmt-20000} closed
DEBUG http-nio-8999-exec-2 druid.sql.Statement - {conn-10005, pstmt-20001} created. select a.id,c.name as type,a.content,a.title,a.small_img,a.detail,a.common_price,a.vip_price,DATE_FORMAT(a.create_time,'%Y-%m-%d %T') as create_time, b.name as teacher_name,b.description,b.avatar,d.play_count from subject a left join teacher b on a.teacher_id = b.id left join subject_type c on a.subject_type_id = c.id left join subject_detail d on a.id = d.subject_id where a.is_delete = 0 and b.is_delete = 0 and c.is_delete = 0 and d.is_delete = 0      and a.common_price != 0 limit ?,?
DEBUG http-nio-8999-exec-2 druid.sql.Statement - {conn-10005, pstmt-20001} Parameters : [0, 10]
DEBUG http-nio-8999-exec-2 druid.sql.Statement - {conn-10005, pstmt-20001} Types : [INTEGER, INTEGER]
DEBUG http-nio-8999-exec-2 druid.sql.Statement - {conn-10005, pstmt-20001} executed. 13.796982 millis. select a.id,c.name as type,a.content,a.title,a.small_img,a.detail,a.common_price,a.vip_price,DATE_FORMAT(a.create_time,'%Y-%m-%d %T') as create_time, b.name as teacher_name,b.description,b.avatar,d.play_count from subject a left join teacher b on a.teacher_id = b.id left join subject_type c on a.subject_type_id = c.id left join subject_detail d on a.id = d.subject_id where a.is_delete = 0 and b.is_delete = 0 and c.is_delete = 0 and d.is_delete = 0      and a.common_price != 0 limit ?,?
DEBUG http-nio-8999-exec-2 druid.sql.ResultSet - {conn-10005, pstmt-20001, rs-50001} open
DEBUG http-nio-8999-exec-2 druid.sql.ResultSet - {conn-10005, pstmt-20001, rs-50001} Header: [id, name, content, title, small_img, detail, common_price, vip_price, create_time, name, description, avatar, play_count]
DEBUG http-nio-8999-exec-2 druid.sql.ResultSet - {conn-10005, pstmt-20001, rs-50001} Result: [1, 股票, 详情, 测试的第一个, null, 第一个课程, 100.00, 80.00, 2019-01-31 10:08:38, 张健, 鉴黄大师, null, 8]
DEBUG http-nio-8999-exec-2 druid.sql.ResultSet - {conn-10005, pstmt-20001, rs-50001} closed
DEBUG http-nio-8999-exec-2 druid.sql.Statement - {conn-10005, pstmt-20001} closed
DEBUG http-nio-8999-exec-2 druid.sql.Connection - {conn-10005} pool-recycle
DEBUG Thread-19 druid.sql.Connection - {conn-10001} closed
DEBUG Thread-19 druid.sql.Connection - {conn-10002} closed
DEBUG Thread-19 druid.sql.Connection - {conn-10003} closed
DEBUG Thread-19 druid.sql.Connection - {conn-10004} closed
DEBUG Thread-19 druid.sql.Connection - {conn-10005} closed
